-- Found ament_cmake: 1.3.12 (/opt/ros/humble/share/ament_cmake/cmake)
-- Override CMake install command with custom implementation using symlinks instead of copying resources
-- Found rclcpp: 16.0.16 (/opt/ros/humble/share/rclcpp/cmake)
-- Found rosidl_generator_c: 3.1.7 (/opt/ros/humble/share/rosidl_generator_c/cmake)
-- Found rosidl_adapter: 3.1.7 (/opt/ros/humble/share/rosidl_adapter/cmake)
-- Found rosidl_generator_cpp: 3.1.7 (/opt/ros/humble/share/rosidl_generator_cpp/cmake)
-- Using all available rosidl_typesupport_c: rosidl_typesupport_fastrtps_c;rosidl_typesupport_introspection_c
-- Using all available rosidl_typesupport_cpp: rosidl_typesupport_fastrtps_cpp;rosidl_typesupport_introspection_cpp
-- Found rmw_implementation_cmake: 6.1.2 (/opt/ros/humble/share/rmw_implementation_cmake/cmake)
-- Found rmw_fastrtps_cpp: 6.2.9 (/opt/ros/humble/share/rmw_fastrtps_cpp/cmake)
-- Using RMW implementation 'rmw_fastrtps_cpp' as default
-- Found rclpy: 3.3.19 (/opt/ros/humble/share/rclpy/cmake)
-- Found nav_msgs: 4.9.0 (/opt/ros/humble/share/nav_msgs/cmake)
-- Found rosidl_default_generators: 1.2.0 (/opt/ros/humble/share/rosidl_default_generators/cmake)
-- Found message_filters: 4.3.11 (/opt/ros/humble/share/message_filters/cmake)
-- Found crazyflie_interfaces: 1.0.3 (/root/ros2_ws/install/crazyflie_interfaces/share/crazyflie_interfaces/cmake)
-- Found ament_lint_auto: 0.12.14 (/opt/ros/humble/share/ament_lint_auto/cmake)
-- Found ament_cmake_ros: 0.10.0 (/opt/ros/humble/share/ament_cmake_ros/cmake)
-- Using all available rosidl_typesupport_c: rosidl_typesupport_fastrtps_c;rosidl_typesupport_introspection_c
-- Using all available rosidl_typesupport_cpp: rosidl_typesupport_fastrtps_cpp;rosidl_typesupport_introspection_cpp
-- Found python_cmake_module: 0.10.0 (/opt/ros/humble/share/python_cmake_module/cmake)
-- Using PYTHON_EXECUTABLE: /usr/bin/python3
-- Using PYTHON_INCLUDE_DIRS: /usr/include/python3.10
-- Using PYTHON_LIBRARIES: /usr/lib/x86_64-linux-gnu/libpython3.10.so
-- Added test 'cppcheck' to perform static code analysis on C / C++ code
-- Configured cppcheck include dirs: $<BUILD_INTERFACE:/root/ros2_ws/src/vissus_projekt/build/vissus_projekt/rosidl_generator_c>;$<BUILD_INTERFACE:/root/ros2_ws/src/vissus_projekt/build/vissus_projekt/rosidl_typesupport_fastrtps_c>;$<BUILD_INTERFACE:/root/ros2_ws/src/vissus_projekt/build/vissus_projekt/rosidl_generator_cpp>;$<BUILD_INTERFACE:/root/ros2_ws/src/vissus_projekt/build/vissus_projekt/rosidl_typesupport_fastrtps_cpp>;$<BUILD_INTERFACE:/root/ros2_ws/src/vissus_projekt/build/vissus_projekt/rosidl_typesupport_introspection_c>;$<BUILD_INTERFACE:/root/ros2_ws/src/vissus_projekt/build/vissus_projekt/rosidl_typesupport_introspection_cpp>;/root/ros2_ws/src/vissus_projekt/build/vissus_projekt/rosidl_generator_c;/root/ros2_ws/src/vissus_projekt/build/vissus_projekt/rosidl_generator_py;/root/ros2_ws/src/vissus_projekt/include/;$<BUILD_INTERFACE:/root/ros2_ws/src/vissus_projekt/include>
-- Configured cppcheck exclude dirs and/or files: 
-- Added test 'flake8' to check Python code syntax and style conventions
-- Added test 'lint_cmake' to check CMake code style
-- Added test 'pep257' to check Python code against some of the docstring style conventions in PEP 257
-- Added test 'uncrustify' to check C / C++ code style
-- Configured uncrustify additional arguments: 
-- Added test 'xmllint' to check XML markup files
-- Configuring done
-- Generating done
-- Build files have been written to: /root/ros2_ws/src/vissus_projekt/build/vissus_projekt
[  1%] [34m[1mGenerating C code for ROS interfaces[0m
[  3%] [34m[1mGenerating C++ code for ROS interfaces[0m
[  3%] Built target ament_cmake_python_symlink_vissus_projekt
running egg_info
writing vissus_projekt.egg-info/PKG-INFO
writing dependency_links to vissus_projekt.egg-info/dependency_links.txt
writing top-level names to vissus_projekt.egg-info/top_level.txt
reading manifest file 'vissus_projekt.egg-info/SOURCES.txt'
writing manifest file 'vissus_projekt.egg-info/SOURCES.txt'
[  3%] Built target ament_cmake_python_build_vissus_projekt_egg
[35m[1mConsolidate compiler generated dependencies of target vissus_projekt__rosidl_generator_c[0m
[  3%] Built target vissus_projekt__cpp
[  8%] [32mBuilding C object CMakeFiles/vissus_projekt__rosidl_generator_c.dir/rosidl_generator_c/vissus_projekt/msg/detail/tuning_params__functions.c.o[0m
[  8%] [32mBuilding C object CMakeFiles/vissus_projekt__rosidl_generator_c.dir/rosidl_generator_c/vissus_projekt/msg/detail/odometry_array__functions.c.o[0m
[  8%] [32mBuilding C object CMakeFiles/vissus_projekt__rosidl_generator_c.dir/rosidl_generator_c/vissus_projekt/msg/detail/formation__functions.c.o[0m
[ 12%] [34m[1mGenerating C++ type support dispatch for ROS interfaces[0m
[ 14%] [34m[1mGenerating C++ introspection for ROS interfaces[0m
[ 12%] [34m[1mGenerating C++ type support for eProsima Fast-RTPS[0m
[ 16%] [32m[1mLinking C shared library libvissus_projekt__rosidl_generator_c.so[0m
[ 16%] Built target vissus_projekt__rosidl_generator_c
[ 21%] [34m[1mGenerating C type support dispatch for ROS interfaces[0m
[ 21%] [34m[1mGenerating C introspection for ROS interfaces[0m
[ 21%] [34m[1mGenerating C type support for eProsima Fast-RTPS[0m
[35m[1mConsolidate compiler generated dependencies of target vissus_projekt__rosidl_typesupport_cpp[0m
[ 23%] [32mBuilding CXX object CMakeFiles/vissus_projekt__rosidl_typesupport_cpp.dir/rosidl_typesupport_cpp/vissus_projekt/msg/odometry_array__type_support.cpp.o[0m
[ 25%] [32mBuilding CXX object CMakeFiles/vissus_projekt__rosidl_typesupport_cpp.dir/rosidl_typesupport_cpp/vissus_projekt/msg/tuning_params__type_support.cpp.o[0m
[ 26%] [32mBuilding CXX object CMakeFiles/vissus_projekt__rosidl_typesupport_cpp.dir/rosidl_typesupport_cpp/vissus_projekt/msg/formation__type_support.cpp.o[0m
[35m[1mConsolidate compiler generated dependencies of target vissus_projekt__rosidl_typesupport_introspection_cpp[0m
[35m[1mConsolidate compiler generated dependencies of target vissus_projekt__rosidl_typesupport_fastrtps_cpp[0m
[ 28%] [32mBuilding CXX object CMakeFiles/vissus_projekt__rosidl_typesupport_introspection_cpp.dir/rosidl_typesupport_introspection_cpp/vissus_projekt/msg/detail/formation__type_support.cpp.o[0m
[ 30%] [32mBuilding CXX object CMakeFiles/vissus_projekt__rosidl_typesupport_introspection_cpp.dir/rosidl_typesupport_introspection_cpp/vissus_projekt/msg/detail/odometry_array__type_support.cpp.o[0m
[ 32%] [32mBuilding CXX object CMakeFiles/vissus_projekt__rosidl_typesupport_introspection_cpp.dir/rosidl_typesupport_introspection_cpp/vissus_projekt/msg/detail/tuning_params__type_support.cpp.o[0m
[ 33%] [32mBuilding CXX object CMakeFiles/vissus_projekt__rosidl_typesupport_fastrtps_cpp.dir/rosidl_typesupport_fastrtps_cpp/vissus_projekt/msg/detail/dds_fastrtps/tuning_params__type_support.cpp.o[0m
[ 35%] [32mBuilding CXX object CMakeFiles/vissus_projekt__rosidl_typesupport_fastrtps_cpp.dir/rosidl_typesupport_fastrtps_cpp/vissus_projekt/msg/detail/dds_fastrtps/odometry_array__type_support.cpp.o[0m
[ 37%] [32mBuilding CXX object CMakeFiles/vissus_projekt__rosidl_typesupport_fastrtps_cpp.dir/rosidl_typesupport_fastrtps_cpp/vissus_projekt/msg/detail/dds_fastrtps/formation__type_support.cpp.o[0m
[ 39%] [32mBuilding CXX object CMakeFiles/vissus_projekt__rosidl_typesupport_c.dir/rosidl_typesupport_c/vissus_projekt/msg/odometry_array__type_support.cpp.o[0m
[ 41%] [32mBuilding CXX object CMakeFiles/vissus_projekt__rosidl_typesupport_c.dir/rosidl_typesupport_c/vissus_projekt/msg/formation__type_support.cpp.o[0m
[ 42%] [32mBuilding CXX object CMakeFiles/vissus_projekt__rosidl_typesupport_c.dir/rosidl_typesupport_c/vissus_projekt/msg/tuning_params__type_support.cpp.o[0m
[ 44%] [32m[1mLinking CXX shared library libvissus_projekt__rosidl_typesupport_c.so[0m
[ 46%] [32mBuilding C object CMakeFiles/vissus_projekt__rosidl_typesupport_introspection_c.dir/rosidl_typesupport_introspection_c/vissus_projekt/msg/detail/tuning_params__type_support.c.o[0m
[ 48%] [32mBuilding C object CMakeFiles/vissus_projekt__rosidl_typesupport_introspection_c.dir/rosidl_typesupport_introspection_c/vissus_projekt/msg/detail/odometry_array__type_support.c.o[0m
[ 50%] [32mBuilding C object CMakeFiles/vissus_projekt__rosidl_typesupport_introspection_c.dir/rosidl_typesupport_introspection_c/vissus_projekt/msg/detail/formation__type_support.c.o[0m
[ 51%] [32mBuilding CXX object CMakeFiles/vissus_projekt__rosidl_typesupport_fastrtps_c.dir/rosidl_typesupport_fastrtps_c/vissus_projekt/msg/detail/odometry_array__type_support_c.cpp.o[0m
[ 53%] [32mBuilding CXX object CMakeFiles/vissus_projekt__rosidl_typesupport_fastrtps_c.dir/rosidl_typesupport_fastrtps_c/vissus_projekt/msg/detail/tuning_params__type_support_c.cpp.o[0m
[ 55%] [32mBuilding CXX object CMakeFiles/vissus_projekt__rosidl_typesupport_fastrtps_c.dir/rosidl_typesupport_fastrtps_c/vissus_projekt/msg/detail/formation__type_support_c.cpp.o[0m
[ 55%] Built target vissus_projekt__rosidl_typesupport_c
[ 57%] [32m[1mLinking C shared library libvissus_projekt__rosidl_typesupport_introspection_c.so[0m
[ 57%] Built target vissus_projekt__rosidl_typesupport_introspection_c
[ 58%] [32m[1mLinking CXX shared library libvissus_projekt__rosidl_typesupport_cpp.so[0m
[ 58%] Built target vissus_projekt__rosidl_typesupport_cpp
[ 60%] [32m[1mLinking CXX shared library libvissus_projekt__rosidl_typesupport_introspection_cpp.so[0m
[ 62%] [32m[1mLinking CXX shared library libvissus_projekt__rosidl_typesupport_fastrtps_c.so[0m
[ 64%] [32m[1mLinking CXX shared library libvissus_projekt__rosidl_typesupport_fastrtps_cpp.so[0m
[ 64%] Built target vissus_projekt__rosidl_typesupport_introspection_cpp
[ 64%] Built target vissus_projekt__rosidl_typesupport_fastrtps_c
[ 64%] Built target vissus_projekt__rosidl_typesupport_fastrtps_cpp
[ 64%] Built target vissus_projekt
[ 75%] [32mBuilding CXX object CMakeFiles/data_splitter.dir/src/data-splitter/data_splitter_node.cpp.o[0m
[ 75%] [32mBuilding CXX object CMakeFiles/boid_control.dir/src/utils.cpp.o[0m
[ 75%] [32mBuilding CXX object CMakeFiles/data_splitter.dir/src/utils.cpp.o[0m
[ 75%] [32mBuilding CXX object CMakeFiles/boid_control.dir/src/boid-control/boid_control_node.cpp.o[0m
[ 76%] [34m[1mGenerating Python code for ROS interfaces[0m
[ 76%] [32mBuilding CXX object CMakeFiles/goal_pub.dir/src/utils.cpp.o[0m
[ 76%] [32mBuilding CXX object CMakeFiles/goal_pub.dir/src/goal-pub/goal_pub.cpp.o[0m
[ 76%] Built target vissus_projekt__py
[ 78%] [32mBuilding C object CMakeFiles/vissus_projekt__rosidl_generator_py.dir/rosidl_generator_py/vissus_projekt/msg/_formation_s.c.o[0m
[ 80%] [32mBuilding C object CMakeFiles/vissus_projekt__rosidl_generator_py.dir/rosidl_generator_py/vissus_projekt/msg/_tuning_params_s.c.o[0m
[ 82%] [32mBuilding C object CMakeFiles/vissus_projekt__rosidl_generator_py.dir/rosidl_generator_py/vissus_projekt/msg/_odometry_array_s.c.o[0m
[ 83%] [32m[1mLinking C shared library rosidl_generator_py/vissus_projekt/libvissus_projekt__rosidl_generator_py.so[0m
[ 83%] Built target vissus_projekt__rosidl_generator_py
[ 87%] [32mBuilding C object CMakeFiles/vissus_projekt__rosidl_typesupport_c__pyext.dir/rosidl_generator_py/vissus_projekt/_vissus_projekt_s.ep.rosidl_typesupport_c.c.o[0m
[ 87%] [32mBuilding C object CMakeFiles/vissus_projekt__rosidl_typesupport_introspection_c__pyext.dir/rosidl_generator_py/vissus_projekt/_vissus_projekt_s.ep.rosidl_typesupport_introspection_c.c.o[0m
[ 89%] [32mBuilding C object CMakeFiles/vissus_projekt__rosidl_typesupport_fastrtps_c__pyext.dir/rosidl_generator_py/vissus_projekt/_vissus_projekt_s.ep.rosidl_typesupport_fastrtps_c.c.o[0m
[ 91%] [32m[1mLinking C shared library rosidl_generator_py/vissus_projekt/vissus_projekt_s__rosidl_typesupport_fastrtps_c.cpython-310-x86_64-linux-gnu.so[0m
[ 92%] [32m[1mLinking C shared library rosidl_generator_py/vissus_projekt/vissus_projekt_s__rosidl_typesupport_c.cpython-310-x86_64-linux-gnu.so[0m
[ 94%] [32m[1mLinking C shared library rosidl_generator_py/vissus_projekt/vissus_projekt_s__rosidl_typesupport_introspection_c.cpython-310-x86_64-linux-gnu.so[0m
[ 94%] Built target vissus_projekt__rosidl_typesupport_fastrtps_c__pyext
[ 94%] Built target vissus_projekt__rosidl_typesupport_c__pyext
[ 94%] Built target vissus_projekt__rosidl_typesupport_introspection_c__pyext
[ 96%] [32m[1mLinking CXX executable goal_pub[0m
[ 96%] Built target goal_pub
[ 98%] [32m[1mLinking CXX executable data_splitter[0m
[ 98%] Built target data_splitter
