[0.161s] DEBUG:colcon:Command line arguments: ['/usr/bin/colcon', 'build', '--symlink-install']
[0.161s] DEBUG:colcon:Parsed command line arguments: Namespace(log_base=None, log_level=None, verb_name='build', build_base='build', install_base='install', merge_install=False, symlink_install=True, test_result_base=None, continue_on_error=False, executor='parallel', parallel_workers=16, event_handlers=None, ignore_user_meta=False, metas=['./colcon.meta'], base_paths=['.'], packages_ignore=None, packages_ignore_regex=None, paths=None, packages_up_to=None, packages_up_to_regex=None, packages_above=None, packages_above_and_dependencies=None, packages_above_depth=None, packages_select_by_dep=None, packages_skip_by_dep=None, packages_skip_up_to=None, packages_select_build_failed=False, packages_skip_build_finished=False, packages_select_test_failures=False, packages_skip_test_passed=False, packages_select=None, packages_skip=None, packages_select_regex=None, packages_skip_regex=None, packages_start=None, packages_end=None, allow_overriding=[], cmake_args=None, cmake_target=None, cmake_target_skip_unavailable=False, cmake_clean_cache=False, cmake_clean_first=False, cmake_force_configure=False, ament_cmake_args=None, catkin_cmake_args=None, catkin_skip_building_tests=False, mixin_files=None, mixin=None, verb_parser=<colcon_mixin.mixin.mixin_argument.MixinArgumentDecorator object at 0x744fe9267c40>, verb_extension=<colcon_core.verb.build.BuildVerb object at 0x744fe92671f0>, main=<bound method BuildVerb.main of <colcon_core.verb.build.BuildVerb object at 0x744fe92671f0>>, mixin_verb=('build',))
[0.422s] Level 1:colcon.colcon_core.package_discovery:discover_packages(colcon_meta) check parameters
[0.422s] Level 1:colcon.colcon_core.package_discovery:discover_packages(recursive) check parameters
[0.422s] Level 1:colcon.colcon_core.package_discovery:discover_packages(ignore) check parameters
[0.422s] Level 1:colcon.colcon_core.package_discovery:discover_packages(path) check parameters
[0.422s] Level 1:colcon.colcon_core.package_discovery:discover_packages(colcon_meta) discover
[0.422s] Level 1:colcon.colcon_core.package_discovery:discover_packages(recursive) discover
[0.422s] INFO:colcon.colcon_core.package_discovery:Crawling recursively for packages in '/root/ros2_ws/src/vissus_projekt'
[0.422s] Level 1:colcon.colcon_core.package_identification:_identify(.) by extensions ['ignore', 'ignore_ament_install']
[0.422s] Level 1:colcon.colcon_core.package_identification:_identify(.) by extension 'ignore'
[0.422s] Level 1:colcon.colcon_core.package_identification:_identify(.) by extension 'ignore_ament_install'
[0.422s] Level 1:colcon.colcon_core.package_identification:_identify(.) by extensions ['colcon_pkg']
[0.423s] Level 1:colcon.colcon_core.package_identification:_identify(.) by extension 'colcon_pkg'
[0.423s] Level 1:colcon.colcon_core.package_identification:_identify(.) by extensions ['colcon_meta']
[0.423s] Level 1:colcon.colcon_core.package_identification:_identify(.) by extension 'colcon_meta'
[0.423s] Level 1:colcon.colcon_core.package_identification:_identify(.) by extensions ['ros']
[0.423s] Level 1:colcon.colcon_core.package_identification:_identify(.) by extension 'ros'
[0.438s] DEBUG:colcon.colcon_core.package_identification:Package '.' with type 'ros.ament_cmake' and name 'vissus_projekt'
[0.439s] Level 1:colcon.colcon_core.package_discovery:discover_packages(recursive) using defaults
[0.439s] Level 1:colcon.colcon_core.package_discovery:discover_packages(ignore) discover
[0.439s] Level 1:colcon.colcon_core.package_discovery:discover_packages(ignore) using defaults
[0.439s] Level 1:colcon.colcon_core.package_discovery:discover_packages(path) discover
[0.439s] Level 1:colcon.colcon_core.package_discovery:discover_packages(path) using defaults
[0.476s] Level 1:colcon.colcon_core.package_discovery:discover_packages(prefix_path) check parameters
[0.476s] Level 1:colcon.colcon_core.package_discovery:discover_packages(prefix_path) discover
[0.479s] DEBUG:colcon.colcon_installed_package_information.package_discovery:Found 7 installed packages in /root/ros2_ws/install
[0.482s] DEBUG:colcon.colcon_installed_package_information.package_discovery:Found 291 installed packages in /opt/ros/humble
[0.484s] Level 1:colcon.colcon_core.package_discovery:discover_packages(prefix_path) using defaults
[0.538s] Level 5:colcon.colcon_core.verb:set package 'vissus_projekt' build argument 'cmake_args' from command line to 'None'
[0.538s] Level 5:colcon.colcon_core.verb:set package 'vissus_projekt' build argument 'cmake_target' from command line to 'None'
[0.538s] Level 5:colcon.colcon_core.verb:set package 'vissus_projekt' build argument 'cmake_target_skip_unavailable' from command line to 'False'
[0.538s] Level 5:colcon.colcon_core.verb:set package 'vissus_projekt' build argument 'cmake_clean_cache' from command line to 'False'
[0.538s] Level 5:colcon.colcon_core.verb:set package 'vissus_projekt' build argument 'cmake_clean_first' from command line to 'False'
[0.538s] Level 5:colcon.colcon_core.verb:set package 'vissus_projekt' build argument 'cmake_force_configure' from command line to 'False'
[0.538s] Level 5:colcon.colcon_core.verb:set package 'vissus_projekt' build argument 'ament_cmake_args' from command line to 'None'
[0.538s] Level 5:colcon.colcon_core.verb:set package 'vissus_projekt' build argument 'catkin_cmake_args' from command line to 'None'
[0.538s] Level 5:colcon.colcon_core.verb:set package 'vissus_projekt' build argument 'catkin_skip_building_tests' from command line to 'False'
[0.538s] DEBUG:colcon.colcon_core.verb:Building package 'vissus_projekt' with the following arguments: {'ament_cmake_args': None, 'build_base': '/root/ros2_ws/src/vissus_projekt/build/vissus_projekt', 'catkin_cmake_args': None, 'catkin_skip_building_tests': False, 'cmake_args': None, 'cmake_clean_cache': False, 'cmake_clean_first': False, 'cmake_force_configure': False, 'cmake_target': None, 'cmake_target_skip_unavailable': False, 'install_base': '/root/ros2_ws/src/vissus_projekt/install/vissus_projekt', 'merge_install': False, 'path': '/root/ros2_ws/src/vissus_projekt', 'symlink_install': True, 'test_result_base': None}
[0.538s] INFO:colcon.colcon_core.executor:Executing jobs using 'parallel' executor
[0.540s] DEBUG:colcon.colcon_parallel_executor.executor.parallel:run_until_complete
[0.540s] INFO:colcon.colcon_ros.task.ament_cmake.build:Building ROS package in '/root/ros2_ws/src/vissus_projekt' with build type 'ament_cmake'
[0.540s] INFO:colcon.colcon_cmake.task.cmake.build:Building CMake package in '/root/ros2_ws/src/vissus_projekt'
[0.543s] INFO:colcon.colcon_core.plugin_system:Skipping extension 'colcon_core.shell.bat': Not used on non-Windows systems
[0.543s] INFO:colcon.colcon_core.shell:Skip shell extension 'powershell' for command environment: Not usable outside of PowerShell
[0.543s] DEBUG:colcon.colcon_core.shell:Skip shell extension 'dsv' for command environment
[0.556s] DEBUG:colcon.colcon_core.event_handler.log_command:Invoking command in '/root/ros2_ws/src/vissus_projekt/build/vissus_projekt': CMAKE_PREFIX_PATH=${CMAKE_PREFIX_PATH}:/root/ros2_ws/install/crazyflie_py:/opt/ros/humble /usr/bin/cmake --build /root/ros2_ws/src/vissus_projekt/build/vissus_projekt -- -j16 -l16
[22.875s] DEBUG:colcon.colcon_core.event_handler.log_command:Invoked command in '/root/ros2_ws/src/vissus_projekt/build/vissus_projekt' returned '0': CMAKE_PREFIX_PATH=${CMAKE_PREFIX_PATH}:/root/ros2_ws/install/crazyflie_py:/opt/ros/humble /usr/bin/cmake --build /root/ros2_ws/src/vissus_projekt/build/vissus_projekt -- -j16 -l16
[22.892s] DEBUG:colcon.colcon_core.event_handler.log_command:Invoking command in '/root/ros2_ws/src/vissus_projekt/build/vissus_projekt': CMAKE_PREFIX_PATH=${CMAKE_PREFIX_PATH}:/root/ros2_ws/install/crazyflie_py:/opt/ros/humble /usr/bin/cmake --install /root/ros2_ws/src/vissus_projekt/build/vissus_projekt
[24.513s] Level 1:colcon.colcon_core.environment:create_environment_scripts_only(vissus_projekt)
[24.514s] DEBUG:colcon.colcon_core.event_handler.log_command:Invoked command in '/root/ros2_ws/src/vissus_projekt/build/vissus_projekt' returned '0': CMAKE_PREFIX_PATH=${CMAKE_PREFIX_PATH}:/root/ros2_ws/install/crazyflie_py:/opt/ros/humble /usr/bin/cmake --install /root/ros2_ws/src/vissus_projekt/build/vissus_projekt
[24.518s] Level 1:colcon.colcon_core.environment:checking '/root/ros2_ws/src/vissus_projekt/install/vissus_projekt' for CMake module files
[24.519s] Level 1:colcon.colcon_core.environment:checking '/root/ros2_ws/src/vissus_projekt/install/vissus_projekt' for CMake config files
[24.522s] Level 1:colcon.colcon_core.shell:create_environment_hook('vissus_projekt', 'cmake_prefix_path')
[24.522s] INFO:colcon.colcon_core.shell:Creating environment hook '/root/ros2_ws/src/vissus_projekt/install/vissus_projekt/share/vissus_projekt/hook/cmake_prefix_path.ps1'
[24.523s] INFO:colcon.colcon_core.shell:Creating environment descriptor '/root/ros2_ws/src/vissus_projekt/install/vissus_projekt/share/vissus_projekt/hook/cmake_prefix_path.dsv'
[24.524s] INFO:colcon.colcon_core.shell:Creating environment hook '/root/ros2_ws/src/vissus_projekt/install/vissus_projekt/share/vissus_projekt/hook/cmake_prefix_path.sh'
[24.525s] Level 1:colcon.colcon_core.environment:checking '/root/ros2_ws/src/vissus_projekt/install/vissus_projekt/lib'
[24.525s] Level 1:colcon.colcon_core.shell:create_environment_hook('vissus_projekt', 'ld_library_path_lib')
[24.526s] INFO:colcon.colcon_core.shell:Creating environment hook '/root/ros2_ws/src/vissus_projekt/install/vissus_projekt/share/vissus_projekt/hook/ld_library_path_lib.ps1'
[24.526s] INFO:colcon.colcon_core.shell:Creating environment descriptor '/root/ros2_ws/src/vissus_projekt/install/vissus_projekt/share/vissus_projekt/hook/ld_library_path_lib.dsv'
[24.527s] INFO:colcon.colcon_core.shell:Creating environment hook '/root/ros2_ws/src/vissus_projekt/install/vissus_projekt/share/vissus_projekt/hook/ld_library_path_lib.sh'
[24.527s] Level 1:colcon.colcon_core.environment:checking '/root/ros2_ws/src/vissus_projekt/install/vissus_projekt/bin'
[24.527s] Level 1:colcon.colcon_core.environment:checking '/root/ros2_ws/src/vissus_projekt/install/vissus_projekt/lib/pkgconfig/vissus_projekt.pc'
[24.528s] Level 1:colcon.colcon_core.environment:checking '/root/ros2_ws/src/vissus_projekt/install/vissus_projekt/lib/python3.10/site-packages'
[24.528s] Level 1:colcon.colcon_core.environment:checking '/root/ros2_ws/src/vissus_projekt/install/vissus_projekt/bin'
[24.528s] INFO:colcon.colcon_core.shell:Creating package script '/root/ros2_ws/src/vissus_projekt/install/vissus_projekt/share/vissus_projekt/package.ps1'
[24.530s] INFO:colcon.colcon_core.shell:Creating package descriptor '/root/ros2_ws/src/vissus_projekt/install/vissus_projekt/share/vissus_projekt/package.dsv'
[24.530s] INFO:colcon.colcon_core.shell:Creating package script '/root/ros2_ws/src/vissus_projekt/install/vissus_projekt/share/vissus_projekt/package.sh'
[24.531s] INFO:colcon.colcon_core.shell:Creating package script '/root/ros2_ws/src/vissus_projekt/install/vissus_projekt/share/vissus_projekt/package.bash'
[24.532s] INFO:colcon.colcon_core.shell:Creating package script '/root/ros2_ws/src/vissus_projekt/install/vissus_projekt/share/vissus_projekt/package.zsh'
[24.533s] Level 1:colcon.colcon_core.environment:create_file_with_runtime_dependencies(/root/ros2_ws/src/vissus_projekt/install/vissus_projekt/share/colcon-core/packages/vissus_projekt)
[24.534s] Level 1:colcon.colcon_core.environment:create_environment_scripts_only(vissus_projekt)
[24.535s] Level 1:colcon.colcon_core.environment:checking '/root/ros2_ws/src/vissus_projekt/install/vissus_projekt' for CMake module files
[24.536s] Level 1:colcon.colcon_core.environment:checking '/root/ros2_ws/src/vissus_projekt/install/vissus_projekt' for CMake config files
[24.538s] Level 1:colcon.colcon_core.shell:create_environment_hook('vissus_projekt', 'cmake_prefix_path')
[24.538s] INFO:colcon.colcon_core.shell:Creating environment hook '/root/ros2_ws/src/vissus_projekt/install/vissus_projekt/share/vissus_projekt/hook/cmake_prefix_path.ps1'
[24.539s] INFO:colcon.colcon_core.shell:Creating environment descriptor '/root/ros2_ws/src/vissus_projekt/install/vissus_projekt/share/vissus_projekt/hook/cmake_prefix_path.dsv'
[24.539s] INFO:colcon.colcon_core.shell:Creating environment hook '/root/ros2_ws/src/vissus_projekt/install/vissus_projekt/share/vissus_projekt/hook/cmake_prefix_path.sh'
[24.540s] Level 1:colcon.colcon_core.environment:checking '/root/ros2_ws/src/vissus_projekt/install/vissus_projekt/lib'
[24.540s] Level 1:colcon.colcon_core.shell:create_environment_hook('vissus_projekt', 'ld_library_path_lib')
[24.541s] INFO:colcon.colcon_core.shell:Creating environment hook '/root/ros2_ws/src/vissus_projekt/install/vissus_projekt/share/vissus_projekt/hook/ld_library_path_lib.ps1'
[24.541s] INFO:colcon.colcon_core.shell:Creating environment descriptor '/root/ros2_ws/src/vissus_projekt/install/vissus_projekt/share/vissus_projekt/hook/ld_library_path_lib.dsv'
[24.542s] INFO:colcon.colcon_core.shell:Creating environment hook '/root/ros2_ws/src/vissus_projekt/install/vissus_projekt/share/vissus_projekt/hook/ld_library_path_lib.sh'
[24.542s] Level 1:colcon.colcon_core.environment:checking '/root/ros2_ws/src/vissus_projekt/install/vissus_projekt/bin'
[24.542s] Level 1:colcon.colcon_core.environment:checking '/root/ros2_ws/src/vissus_projekt/install/vissus_projekt/lib/pkgconfig/vissus_projekt.pc'
[24.543s] Level 1:colcon.colcon_core.environment:checking '/root/ros2_ws/src/vissus_projekt/install/vissus_projekt/lib/python3.10/site-packages'
[24.543s] Level 1:colcon.colcon_core.environment:checking '/root/ros2_ws/src/vissus_projekt/install/vissus_projekt/bin'
[24.544s] INFO:colcon.colcon_core.shell:Creating package script '/root/ros2_ws/src/vissus_projekt/install/vissus_projekt/share/vissus_projekt/package.ps1'
[24.544s] INFO:colcon.colcon_core.shell:Creating package descriptor '/root/ros2_ws/src/vissus_projekt/install/vissus_projekt/share/vissus_projekt/package.dsv'
[24.545s] INFO:colcon.colcon_core.shell:Creating package script '/root/ros2_ws/src/vissus_projekt/install/vissus_projekt/share/vissus_projekt/package.sh'
[24.546s] INFO:colcon.colcon_core.shell:Creating package script '/root/ros2_ws/src/vissus_projekt/install/vissus_projekt/share/vissus_projekt/package.bash'
[24.546s] INFO:colcon.colcon_core.shell:Creating package script '/root/ros2_ws/src/vissus_projekt/install/vissus_projekt/share/vissus_projekt/package.zsh'
[24.547s] Level 1:colcon.colcon_core.environment:create_file_with_runtime_dependencies(/root/ros2_ws/src/vissus_projekt/install/vissus_projekt/share/colcon-core/packages/vissus_projekt)
[24.548s] DEBUG:colcon.colcon_parallel_executor.executor.parallel:closing loop
[24.548s] DEBUG:colcon.colcon_parallel_executor.executor.parallel:loop closed
[24.548s] DEBUG:colcon.colcon_parallel_executor.executor.parallel:run_until_complete finished with '0'
[24.548s] DEBUG:colcon.colcon_core.event_reactor:joining thread
[24.557s] INFO:colcon.colcon_core.plugin_system:Skipping extension 'colcon_notification.desktop_notification.notify_send': Could not find 'notify-send'
[24.557s] INFO:colcon.colcon_core.plugin_system:Skipping extension 'colcon_notification.desktop_notification.terminal_notifier': Not used on non-Darwin systems
[24.557s] INFO:colcon.colcon_core.plugin_system:Skipping extension 'colcon_notification.desktop_notification.win32': Not used on non-Windows systems
[24.557s] INFO:colcon.colcon_notification.desktop_notification:Sending desktop notification using 'notify2'
[24.561s] DEBUG:colcon.colcon_notification.desktop_notification.notify2:Failed to initialize notify2: org.freedesktop.DBus.Error.Spawn.ExecFailed: /usr/bin/dbus-launch terminated abnormally without any error message
[24.561s] DEBUG:colcon.colcon_core.event_reactor:joined thread
[24.562s] INFO:colcon.colcon_core.shell:Creating prefix script '/root/ros2_ws/src/vissus_projekt/install/local_setup.ps1'
[24.564s] INFO:colcon.colcon_core.shell:Creating prefix util module '/root/ros2_ws/src/vissus_projekt/install/_local_setup_util_ps1.py'
[24.566s] INFO:colcon.colcon_core.shell:Creating prefix chain script '/root/ros2_ws/src/vissus_projekt/install/setup.ps1'
[24.568s] INFO:colcon.colcon_core.shell:Creating prefix script '/root/ros2_ws/src/vissus_projekt/install/local_setup.sh'
[24.569s] INFO:colcon.colcon_core.shell:Creating prefix util module '/root/ros2_ws/src/vissus_projekt/install/_local_setup_util_sh.py'
[24.569s] INFO:colcon.colcon_core.shell:Creating prefix chain script '/root/ros2_ws/src/vissus_projekt/install/setup.sh'
[24.571s] INFO:colcon.colcon_core.shell:Creating prefix script '/root/ros2_ws/src/vissus_projekt/install/local_setup.bash'
[24.572s] INFO:colcon.colcon_core.shell:Creating prefix chain script '/root/ros2_ws/src/vissus_projekt/install/setup.bash'
[24.574s] INFO:colcon.colcon_core.shell:Creating prefix script '/root/ros2_ws/src/vissus_projekt/install/local_setup.zsh'
[24.575s] INFO:colcon.colcon_core.shell:Creating prefix chain script '/root/ros2_ws/src/vissus_projekt/install/setup.zsh'
