[  1%] Built target vissus_projekt__cpp
[ 10%] Built target vissus_projekt__rosidl_generator_c
[ 10%] Built target ament_cmake_python_symlink_vissus_projekt
[ 30%] Built target vissus_projekt__rosidl_typesupport_introspection_cpp
[ 30%] Built target vissus_projekt__rosidl_typesupport_cpp
[ 46%] Built target vissus_projekt__rosidl_typesupport_c
[ 46%] Built target vissus_projekt__rosidl_typesupport_fastrtps_cpp
[ 55%] Built target vissus_projekt__rosidl_typesupport_introspection_c
[ 64%] Built target vissus_projekt__rosidl_typesupport_fastrtps_c
[ 64%] Built target vissus_projekt
[ 66%] Built target vissus_projekt__py
[ 71%] Built target data_splitter
[ 76%] Built target goal_pub
[ 78%] [32mBuilding CXX object CMakeFiles/boid_control.dir/src/boid-control/boid_control_node.cpp.o[0m
[ 85%] Built target vissus_projekt__rosidl_generator_py
[ 96%] Built target vissus_projekt__rosidl_typesupport_fastrtps_c__pyext
[ 96%] Built target vissus_projekt__rosidl_typesupport_c__pyext
[ 96%] Built target vissus_projekt__rosidl_typesupport_introspection_c__pyext
running egg_info
writing vissus_projekt.egg-info/PKG-INFO
writing dependency_links to vissus_projekt.egg-info/dependency_links.txt
writing top-level names to vissus_projekt.egg-info/top_level.txt
reading manifest file 'vissus_projekt.egg-info/SOURCES.txt'
writing manifest file 'vissus_projekt.egg-info/SOURCES.txt'
[ 96%] Built target ament_cmake_python_build_vissus_projekt_egg
