[0.160s] DEBUG:colcon:Command line arguments: ['/usr/bin/colcon', 'build', '--symlink-install']
[0.160s] DEBUG:colcon:Parsed command line arguments: Namespace(log_base=None, log_level=None, verb_name='build', build_base='build', install_base='install', merge_install=False, symlink_install=True, test_result_base=None, continue_on_error=False, executor='parallel', parallel_workers=16, event_handlers=None, ignore_user_meta=False, metas=['./colcon.meta'], base_paths=['.'], packages_ignore=None, packages_ignore_regex=None, paths=None, packages_up_to=None, packages_up_to_regex=None, packages_above=None, packages_above_and_dependencies=None, packages_above_depth=None, packages_select_by_dep=None, packages_skip_by_dep=None, packages_skip_up_to=None, packages_select_build_failed=False, packages_skip_build_finished=False, packages_select_test_failures=False, packages_skip_test_passed=False, packages_select=None, packages_skip=None, packages_select_regex=None, packages_skip_regex=None, packages_start=None, packages_end=None, allow_overriding=[], cmake_args=None, cmake_target=None, cmake_target_skip_unavailable=False, cmake_clean_cache=False, cmake_clean_first=False, cmake_force_configure=False, ament_cmake_args=None, catkin_cmake_args=None, catkin_skip_building_tests=False, mixin_files=None, mixin=None, verb_parser=<colcon_mixin.mixin.mixin_argument.MixinArgumentDecorator object at 0x72b8c2557c40>, verb_extension=<colcon_core.verb.build.BuildVerb object at 0x72b8c25571f0>, main=<bound method BuildVerb.main of <colcon_core.verb.build.BuildVerb object at 0x72b8c25571f0>>, mixin_verb=('build',))
[0.425s] Level 1:colcon.colcon_core.package_discovery:discover_packages(colcon_meta) check parameters
[0.425s] Level 1:colcon.colcon_core.package_discovery:discover_packages(recursive) check parameters
[0.425s] Level 1:colcon.colcon_core.package_discovery:discover_packages(ignore) check parameters
[0.425s] Level 1:colcon.colcon_core.package_discovery:discover_packages(path) check parameters
[0.425s] Level 1:colcon.colcon_core.package_discovery:discover_packages(colcon_meta) discover
[0.425s] Level 1:colcon.colcon_core.package_discovery:discover_packages(recursive) discover
[0.425s] INFO:colcon.colcon_core.package_discovery:Crawling recursively for packages in '/root/ros2_ws/src/vissus_projekt'
[0.425s] Level 1:colcon.colcon_core.package_identification:_identify(.) by extensions ['ignore', 'ignore_ament_install']
[0.426s] Level 1:colcon.colcon_core.package_identification:_identify(.) by extension 'ignore'
[0.426s] Level 1:colcon.colcon_core.package_identification:_identify(.) by extension 'ignore_ament_install'
[0.426s] Level 1:colcon.colcon_core.package_identification:_identify(.) by extensions ['colcon_pkg']
[0.426s] Level 1:colcon.colcon_core.package_identification:_identify(.) by extension 'colcon_pkg'
[0.426s] Level 1:colcon.colcon_core.package_identification:_identify(.) by extensions ['colcon_meta']
[0.426s] Level 1:colcon.colcon_core.package_identification:_identify(.) by extension 'colcon_meta'
[0.426s] Level 1:colcon.colcon_core.package_identification:_identify(.) by extensions ['ros']
[0.426s] Level 1:colcon.colcon_core.package_identification:_identify(.) by extension 'ros'
[0.443s] DEBUG:colcon.colcon_core.package_identification:Package '.' with type 'ros.ament_cmake' and name 'vissus_projekt'
[0.443s] Level 1:colcon.colcon_core.package_discovery:discover_packages(recursive) using defaults
[0.443s] Level 1:colcon.colcon_core.package_discovery:discover_packages(ignore) discover
[0.443s] Level 1:colcon.colcon_core.package_discovery:discover_packages(ignore) using defaults
[0.443s] Level 1:colcon.colcon_core.package_discovery:discover_packages(path) discover
[0.443s] Level 1:colcon.colcon_core.package_discovery:discover_packages(path) using defaults
[0.484s] Level 1:colcon.colcon_core.package_discovery:discover_packages(prefix_path) check parameters
[0.484s] Level 1:colcon.colcon_core.package_discovery:discover_packages(prefix_path) discover
[0.487s] DEBUG:colcon.colcon_installed_package_information.package_discovery:Found 7 installed packages in /root/ros2_ws/install
[0.490s] DEBUG:colcon.colcon_installed_package_information.package_discovery:Found 291 installed packages in /opt/ros/humble
[0.491s] Level 1:colcon.colcon_core.package_discovery:discover_packages(prefix_path) using defaults
[0.547s] Level 5:colcon.colcon_core.verb:set package 'vissus_projekt' build argument 'cmake_args' from command line to 'None'
[0.547s] Level 5:colcon.colcon_core.verb:set package 'vissus_projekt' build argument 'cmake_target' from command line to 'None'
[0.547s] Level 5:colcon.colcon_core.verb:set package 'vissus_projekt' build argument 'cmake_target_skip_unavailable' from command line to 'False'
[0.547s] Level 5:colcon.colcon_core.verb:set package 'vissus_projekt' build argument 'cmake_clean_cache' from command line to 'False'
[0.547s] Level 5:colcon.colcon_core.verb:set package 'vissus_projekt' build argument 'cmake_clean_first' from command line to 'False'
[0.547s] Level 5:colcon.colcon_core.verb:set package 'vissus_projekt' build argument 'cmake_force_configure' from command line to 'False'
[0.547s] Level 5:colcon.colcon_core.verb:set package 'vissus_projekt' build argument 'ament_cmake_args' from command line to 'None'
[0.547s] Level 5:colcon.colcon_core.verb:set package 'vissus_projekt' build argument 'catkin_cmake_args' from command line to 'None'
[0.547s] Level 5:colcon.colcon_core.verb:set package 'vissus_projekt' build argument 'catkin_skip_building_tests' from command line to 'False'
[0.547s] DEBUG:colcon.colcon_core.verb:Building package 'vissus_projekt' with the following arguments: {'ament_cmake_args': None, 'build_base': '/root/ros2_ws/src/vissus_projekt/build/vissus_projekt', 'catkin_cmake_args': None, 'catkin_skip_building_tests': False, 'cmake_args': None, 'cmake_clean_cache': False, 'cmake_clean_first': False, 'cmake_force_configure': False, 'cmake_target': None, 'cmake_target_skip_unavailable': False, 'install_base': '/root/ros2_ws/src/vissus_projekt/install/vissus_projekt', 'merge_install': False, 'path': '/root/ros2_ws/src/vissus_projekt', 'symlink_install': True, 'test_result_base': None}
[0.548s] INFO:colcon.colcon_core.executor:Executing jobs using 'parallel' executor
[0.549s] DEBUG:colcon.colcon_parallel_executor.executor.parallel:run_until_complete
[0.549s] INFO:colcon.colcon_ros.task.ament_cmake.build:Building ROS package in '/root/ros2_ws/src/vissus_projekt' with build type 'ament_cmake'
[0.549s] INFO:colcon.colcon_cmake.task.cmake.build:Building CMake package in '/root/ros2_ws/src/vissus_projekt'
[0.552s] INFO:colcon.colcon_core.plugin_system:Skipping extension 'colcon_core.shell.bat': Not used on non-Windows systems
[0.553s] INFO:colcon.colcon_core.shell:Skip shell extension 'powershell' for command environment: Not usable outside of PowerShell
[0.553s] DEBUG:colcon.colcon_core.shell:Skip shell extension 'dsv' for command environment
[0.565s] DEBUG:colcon.colcon_core.event_handler.log_command:Invoking command in '/root/ros2_ws/src/vissus_projekt/build/vissus_projekt': CMAKE_PREFIX_PATH=${CMAKE_PREFIX_PATH}:/root/ros2_ws/install/crazyflie_py:/opt/ros/humble /usr/bin/cmake --build /root/ros2_ws/src/vissus_projekt/build/vissus_projekt -- -j16 -l16
[11.684s] DEBUG:colcon.colcon_core.event_handler.log_command:Invoked command in '/root/ros2_ws/src/vissus_projekt/build/vissus_projekt' returned '2': CMAKE_PREFIX_PATH=${CMAKE_PREFIX_PATH}:/root/ros2_ws/install/crazyflie_py:/opt/ros/humble /usr/bin/cmake --build /root/ros2_ws/src/vissus_projekt/build/vissus_projekt -- -j16 -l16
[11.685s] Level 1:colcon.colcon_core.environment:create_environment_scripts_only(vissus_projekt)
[11.689s] Level 1:colcon.colcon_core.environment:checking '/root/ros2_ws/src/vissus_projekt/install/vissus_projekt' for CMake module files
[11.689s] Level 1:colcon.colcon_core.environment:checking '/root/ros2_ws/src/vissus_projekt/install/vissus_projekt' for CMake config files
[11.690s] Level 1:colcon.colcon_core.environment:checking '/root/ros2_ws/src/vissus_projekt/install/vissus_projekt/bin'
[11.690s] Level 1:colcon.colcon_core.environment:checking '/root/ros2_ws/src/vissus_projekt/install/vissus_projekt/lib/pkgconfig/vissus_projekt.pc'
[11.690s] Level 1:colcon.colcon_core.environment:checking '/root/ros2_ws/src/vissus_projekt/install/vissus_projekt/lib/python3.10/site-packages'
[11.691s] Level 1:colcon.colcon_core.environment:checking '/root/ros2_ws/src/vissus_projekt/install/vissus_projekt/bin'
[11.691s] INFO:colcon.colcon_core.shell:Creating package script '/root/ros2_ws/src/vissus_projekt/install/vissus_projekt/share/vissus_projekt/package.ps1'
[11.692s] INFO:colcon.colcon_core.shell:Creating package descriptor '/root/ros2_ws/src/vissus_projekt/install/vissus_projekt/share/vissus_projekt/package.dsv'
[11.693s] INFO:colcon.colcon_core.shell:Creating package script '/root/ros2_ws/src/vissus_projekt/install/vissus_projekt/share/vissus_projekt/package.sh'
[11.694s] INFO:colcon.colcon_core.shell:Creating package script '/root/ros2_ws/src/vissus_projekt/install/vissus_projekt/share/vissus_projekt/package.bash'
[11.695s] INFO:colcon.colcon_core.shell:Creating package script '/root/ros2_ws/src/vissus_projekt/install/vissus_projekt/share/vissus_projekt/package.zsh'
[11.696s] Level 1:colcon.colcon_core.environment:create_file_with_runtime_dependencies(/root/ros2_ws/src/vissus_projekt/install/vissus_projekt/share/colcon-core/packages/vissus_projekt)
[11.707s] DEBUG:colcon.colcon_parallel_executor.executor.parallel:closing loop
[11.707s] DEBUG:colcon.colcon_parallel_executor.executor.parallel:loop closed
[11.707s] DEBUG:colcon.colcon_parallel_executor.executor.parallel:run_until_complete finished with '2'
[11.707s] DEBUG:colcon.colcon_core.event_reactor:joining thread
[11.715s] INFO:colcon.colcon_core.plugin_system:Skipping extension 'colcon_notification.desktop_notification.notify_send': Could not find 'notify-send'
[11.715s] INFO:colcon.colcon_core.plugin_system:Skipping extension 'colcon_notification.desktop_notification.terminal_notifier': Not used on non-Darwin systems
[11.715s] INFO:colcon.colcon_core.plugin_system:Skipping extension 'colcon_notification.desktop_notification.win32': Not used on non-Windows systems
[11.715s] INFO:colcon.colcon_notification.desktop_notification:Sending desktop notification using 'notify2'
[11.718s] DEBUG:colcon.colcon_notification.desktop_notification.notify2:Failed to initialize notify2: org.freedesktop.DBus.Error.Spawn.ExecFailed: /usr/bin/dbus-launch terminated abnormally without any error message
[11.719s] DEBUG:colcon.colcon_core.event_reactor:joined thread
[11.720s] INFO:colcon.colcon_core.shell:Creating prefix script '/root/ros2_ws/src/vissus_projekt/install/local_setup.ps1'
[11.721s] INFO:colcon.colcon_core.shell:Creating prefix util module '/root/ros2_ws/src/vissus_projekt/install/_local_setup_util_ps1.py'
[11.723s] INFO:colcon.colcon_core.shell:Creating prefix chain script '/root/ros2_ws/src/vissus_projekt/install/setup.ps1'
[11.725s] INFO:colcon.colcon_core.shell:Creating prefix script '/root/ros2_ws/src/vissus_projekt/install/local_setup.sh'
[11.726s] INFO:colcon.colcon_core.shell:Creating prefix util module '/root/ros2_ws/src/vissus_projekt/install/_local_setup_util_sh.py'
[11.727s] INFO:colcon.colcon_core.shell:Creating prefix chain script '/root/ros2_ws/src/vissus_projekt/install/setup.sh'
[11.729s] INFO:colcon.colcon_core.shell:Creating prefix script '/root/ros2_ws/src/vissus_projekt/install/local_setup.bash'
[11.729s] INFO:colcon.colcon_core.shell:Creating prefix chain script '/root/ros2_ws/src/vissus_projekt/install/setup.bash'
[11.731s] INFO:colcon.colcon_core.shell:Creating prefix script '/root/ros2_ws/src/vissus_projekt/install/local_setup.zsh'
[11.732s] INFO:colcon.colcon_core.shell:Creating prefix chain script '/root/ros2_ws/src/vissus_projekt/install/setup.zsh'
